[0m2021.08.19 10:24:05 INFO  Started: Metals version 0.10.5 in workspace 'C:\repos\GraphQL API With .Net 5\CommanderGQL' for client Visual Studio Code 1.59.0.[0m
[0m2021.08.19 10:24:11 INFO  time: initialize in 5.3s[0m
[0m2021.08.19 10:24:12 WARN  Build server is not auto-connectable.[0m
[0m2021.08.19 10:24:12 WARN  no build tool detected in workspace 'C:\repos\GraphQL API With .Net 5\CommanderGQL'. The most common cause for this problem is that the editor was opened in the wrong working directory, for example if you use sbt then the workspace directory should contain build.sbt. [0m
Aug 19, 2021 10:24:31 AM org.eclipse.lsp4j.jsonrpc.services.GenericEndpoint notify
INFO: Unsupported notification method: $/setTrace
Aug 19, 2021 10:24:31 AM org.eclipse.lsp4j.jsonrpc.services.GenericEndpoint notify
INFO: Unsupported notification method: $/setTrace
Aug 19, 2021 4:15:27 PM org.eclipse.lsp4j.jsonrpc.services.GenericEndpoint notify
INFO: Unsupported notification method: $/setTrace
Aug 19, 2021 4:16:11 PM org.eclipse.lsp4j.jsonrpc.services.GenericEndpoint notify
INFO: Unsupported notification method: $/setTrace
Aug 19, 2021 4:16:30 PM org.eclipse.lsp4j.jsonrpc.services.GenericEndpoint notify
INFO: Unsupported notification method: $/setTrace
Aug 19, 2021 4:16:44 PM org.eclipse.lsp4j.jsonrpc.services.GenericEndpoint notify
INFO: Unsupported notification method: $/setTrace
Aug 19, 2021 4:16:57 PM org.eclipse.lsp4j.jsonrpc.services.GenericEndpoint notify
INFO: Unsupported notification method: $/setTrace
Aug 19, 2021 4:17:10 PM org.eclipse.lsp4j.jsonrpc.services.GenericEndpoint notify
INFO: Unsupported notification method: $/setTrace
Aug 19, 2021 4:17:23 PM org.eclipse.lsp4j.jsonrpc.services.GenericEndpoint notify
INFO: Unsupported notification method: $/setTrace
Aug 19, 2021 4:17:36 PM org.eclipse.lsp4j.jsonrpc.services.GenericEndpoint notify
INFO: Unsupported notification method: $/setTrace
Aug 20, 2021 1:54:44 AM org.eclipse.lsp4j.jsonrpc.services.GenericEndpoint notify
INFO: Unsupported notification method: $/setTrace
[0m2021.08.20 02:40:48 INFO  shutting down Metals[0m
[0m2021.08.20 02:46:13 INFO  Started: Metals version 0.10.5 in workspace 'C:\repos\GraphQL API With .Net 5\CommanderGQL' for client Visual Studio Code 1.59.1.[0m
[0m2021.08.20 02:46:21 INFO  time: initialize in 8.3s[0m
[0m2021.08.20 02:46:22 WARN  Build server is not auto-connectable.[0m
[0m2021.08.20 02:46:22 WARN  no build tool detected in workspace 'C:\repos\GraphQL API With .Net 5\CommanderGQL'. The most common cause for this problem is that the editor was opened in the wrong working directory, for example if you use sbt then the workspace directory should contain build.sbt. [0m
[0m2021.08.22 00:01:18 INFO  shutting down Metals[0m
[0m2021.08.22 00:02:20 INFO  Started: Metals version 0.10.5 in workspace 'C:\repos\GraphQL API With .Net 5\CommanderGQL' for client Visual Studio Code 1.59.1.[0m
[0m2021.08.22 00:02:25 INFO  time: initialize in 5.94s[0m
[0m2021.08.22 00:02:27 WARN  Build server is not auto-connectable.[0m
[0m2021.08.22 00:02:27 WARN  no build tool detected in workspace 'C:\repos\GraphQL API With .Net 5\CommanderGQL'. The most common cause for this problem is that the editor was opened in the wrong working directory, for example if you use sbt then the workspace directory should contain build.sbt. [0m
[0m2021.08.22 00:59:11 INFO  shutting down Metals[0m
[0m2021.08.23 02:07:32 INFO  Started: Metals version 0.10.5 in workspace 'C:\repos\GraphQL API With .Net 5\CommanderGQL' for client Visual Studio Code 1.59.1.[0m
[0m2021.08.23 02:07:43 INFO  time: initialize in 10s[0m
[0m2021.08.23 02:07:45 WARN  Build server is not auto-connectable.[0m
[0m2021.08.23 02:07:45 WARN  no build tool detected in workspace 'C:\repos\GraphQL API With .Net 5\CommanderGQL'. The most common cause for this problem is that the editor was opened in the wrong working directory, for example if you use sbt then the workspace directory should contain build.sbt. [0m
[0m2021.08.23 03:26:53 INFO  shutting down Metals[0m
